0 info it worked if it ends with ok
1 verbose cli [ 'C:\\Program Files\\nodejs\\node.exe',
1 verbose cli   'C:\\Users\\Dilli Raja\\AppData\\Roaming\\npm\\node_modules\\npm\\bin\\npm-cli.js',
1 verbose cli   'start' ]
2 info using npm@4.0.3
3 info using node@v6.9.1
4 verbose run-script [ 'prestart', 'start', 'poststart' ]
5 info lifecycle familytree@1.0.1~prestart: familytree@1.0.1
6 silly lifecycle familytree@1.0.1~prestart: no script for prestart, continuing
7 info lifecycle familytree@1.0.1~start: familytree@1.0.1
8 verbose lifecycle familytree@1.0.1~start: unsafe-perm in lifecycle true
9 verbose lifecycle familytree@1.0.1~start: PATH: C:\Users\Dilli Raja\AppData\Roaming\npm\node_modules\npm\bin\node-gyp-bin;F:\Family Tree\FT2-master\node_modules\.bin;C:\ProgramData\Oracle\Java\javapath;C:\Program Files (x86)\Intel\iCLS Client\;C:\Program Files\Intel\iCLS Client\;C:\Windows\system32;C:\Windows;C:\Windows\System32\Wbem;C:\Windows\System32\WindowsPowerShell\v1.0\;C:\Program Files (x86)\Intel\Intel(R) Management Engine Components\DAL;C:\Program Files\Intel\Intel(R) Management Engine Components\DAL;C:\Program Files (x86)\Intel\Intel(R) Management Engine Components\IPT;C:\Program Files\Intel\Intel(R) Management Engine Components\IPT;C:\Program Files\Intel\WiFi\bin\;C:\Program Files\Common Files\Intel\WirelessCommon\;C:\Program Files (x86)\NVIDIA Corporation\PhysX\Common;C:\Program Files (x86)\Skype\Phone\;C:\Program Files\Java\jdk1.8.0_101\bin;C:\Program Files\Git\cmd;C:\WINDOWS\system32;C:\WINDOWS;C:\WINDOWS\System32\Wbem;C:\WINDOWS\System32\WindowsPowerShell\v1.0\;C:\Program Files\nodejs\;C:\Program Files\MySQL\MySQL Utilities 1.6\;c:\jruby-1.7.26\bin;C:\Users\Dilli Raja\AppData\Local\Microsoft\WindowsApps;C:\Users\Dilli Raja\AppData\Roaming\npm;C:\Program Files (x86)\Microsoft VS Code\bin
10 verbose lifecycle familytree@1.0.1~start: CWD: F:\Family Tree\FT2-master
11 silly lifecycle familytree@1.0.1~start: Args: [ '/d /s /c', 'node ./bin/www' ]
12 silly lifecycle familytree@1.0.1~start: Returned: code: 3221225786  signal: null
13 info lifecycle familytree@1.0.1~start: Failed to exec start script
14 verbose stack Error: familytree@1.0.1 start: `node ./bin/www`
14 verbose stack Exit status 3221225786
14 verbose stack     at EventEmitter.<anonymous> (C:\Users\Dilli Raja\AppData\Roaming\npm\node_modules\npm\lib\utils\lifecycle.js:279:16)
14 verbose stack     at emitTwo (events.js:106:13)
14 verbose stack     at EventEmitter.emit (events.js:191:7)
14 verbose stack     at ChildProcess.<anonymous> (C:\Users\Dilli Raja\AppData\Roaming\npm\node_modules\npm\lib\utils\spawn.js:40:14)
14 verbose stack     at emitTwo (events.js:106:13)
14 verbose stack     at ChildProcess.emit (events.js:191:7)
14 verbose stack     at maybeClose (internal/child_process.js:877:16)
14 verbose stack     at Process.ChildProcess._handle.onexit (internal/child_process.js:226:5)
15 verbose pkgid familytree@1.0.1
16 verbose cwd F:\Family Tree\FT2-master
17 error Windows_NT 10.0.14393
18 error argv "C:\\Program Files\\nodejs\\node.exe" "C:\\Users\\Dilli Raja\\AppData\\Roaming\\npm\\node_modules\\npm\\bin\\npm-cli.js" "start"
19 error node v6.9.1
20 error npm  v4.0.3
21 error code ELIFECYCLE
22 error familytree@1.0.1 start: `node ./bin/www`
22 error Exit status 3221225786
23 error Failed at the familytree@1.0.1 start script 'node ./bin/www'.
23 error Make sure you have the latest version of node.js and npm installed.
23 error If you do, this is most likely a problem with the familytree package,
23 error not with npm itself.
23 error Tell the author that this fails on your system:
23 error     node ./bin/www
23 error You can get information on how to open an issue for this project with:
23 error     npm bugs familytree
23 error Or if that isn't available, you can get their info via:
23 error     npm owner ls familytree
23 error There is likely additional logging output above.
24 verbose exit [ 1, true ]
